[ 2015-12-17T07:58:57+08:00 ] 220.249.99.189 /weixin/index.php/Home/Index/index.html
INFO: [ app_begin ] --START--
INFO: Run Behavior\ReadHtmlCache [ RunTime:0.000306s ]
INFO: [ app_begin ] --END-- [ RunTime:0.000541s ]
INFO: [ view_parse ] --START--
INFO: [ template_filter ] --START--
INFO: Run Behavior\ContentReplace [ RunTime:0.000068s ]
INFO: [ template_filter ] --END-- [ RunTime:0.000131s ]
INFO: Run Behavior\ParseTemplate [ RunTime:0.005968s ]
INFO: [ view_parse ] --END-- [ RunTime:0.006023s ]
INFO: [ view_filter ] --START--
INFO: Run Behavior\WriteHtmlCache [ RunTime:0.000089s ]
INFO: [ view_filter ] --END-- [ RunTime:0.000135s ]
INFO: [ app_end ] --START--
INFO: Run Behavior\ShowPageTrace [ RunTime:0.000319s ]
INFO: [ app_end ] --END-- [ RunTime:0.000375s ]

[ 2015-12-17T07:58:58+08:00 ] 220.249.99.189 /weixin/index.php/Home/Index/index.html
INFO: [ app_begin ] --START--
INFO: Run Behavior\ReadHtmlCache [ RunTime:0.000298s ]
INFO: [ app_begin ] --END-- [ RunTime:0.000534s ]
INFO: [ view_parse ] --START--
INFO: [ template_filter ] --START--
INFO: Run Behavior\ContentReplace [ RunTime:0.000055s ]
INFO: [ template_filter ] --END-- [ RunTime:0.000112s ]
INFO: Run Behavior\ParseTemplate [ RunTime:0.005700s ]
INFO: [ view_parse ] --END-- [ RunTime:0.005757s ]
INFO: [ view_filter ] --START--
INFO: Run Behavior\WriteHtmlCache [ RunTime:0.000145s ]
INFO: [ view_filter ] --END-- [ RunTime:0.000216s ]
INFO: [ app_end ] --START--
INFO: Run Behavior\ShowPageTrace [ RunTime:0.000323s ]
INFO: [ app_end ] --END-- [ RunTime:0.000375s ]

[ 2015-12-17T07:59:34+08:00 ] 220.249.99.189 /weixin/index.php/Home/Index/register
INFO: [ app_begin ] --START--
INFO: Run Behavior\ReadHtmlCache [ RunTime:0.000293s ]
INFO: [ app_begin ] --END-- [ RunTime:0.000529s ]
INFO: [ view_parse ] --START--
INFO: [ template_filter ] --START--
INFO: Run Behavior\ContentReplace [ RunTime:0.000042s ]
INFO: [ template_filter ] --END-- [ RunTime:0.000097s ]
INFO: Run Behavior\ParseTemplate [ RunTime:0.005050s ]
INFO: [ view_parse ] --END-- [ RunTime:0.005104s ]
INFO: [ view_filter ] --START--
INFO: Run Behavior\WriteHtmlCache [ RunTime:0.000089s ]
INFO: [ view_filter ] --END-- [ RunTime:0.000136s ]
INFO: [ app_end ] --START--
INFO: Run Behavior\ShowPageTrace [ RunTime:0.000303s ]
INFO: [ app_end ] --END-- [ RunTime:0.000353s ]

[ 2015-12-17T07:59:34+08:00 ] 220.249.99.189 /weixin/index.php/Home/Index/verify_c.html
INFO: [ app_begin ] --START--
INFO: Run Behavior\ReadHtmlCache [ RunTime:0.000316s ]
INFO: [ app_begin ] --END-- [ RunTime:0.000580s ]
INFO: [ app_end ] --START--
INFO: Run Behavior\ShowPageTrace [ RunTime:0.000308s ]
INFO: [ app_end ] --END-- [ RunTime:0.000371s ]

[ 2015-12-17T07:59:44+08:00 ] 220.249.99.189 /weixin/index.php/Home/Index/login
INFO: [ app_begin ] --START--
INFO: Run Behavior\ReadHtmlCache [ RunTime:0.000326s ]
INFO: [ app_begin ] --END-- [ RunTime:0.000565s ]
INFO: [ view_parse ] --START--
INFO: [ template_filter ] --START--
INFO: Run Behavior\ContentReplace [ RunTime:0.000044s ]
INFO: [ template_filter ] --END-- [ RunTime:0.000100s ]
INFO: Run Behavior\ParseTemplate [ RunTime:0.004985s ]
INFO: [ view_parse ] --END-- [ RunTime:0.005039s ]
INFO: [ view_filter ] --START--
INFO: Run Behavior\WriteHtmlCache [ RunTime:0.000090s ]
INFO: [ view_filter ] --END-- [ RunTime:0.000137s ]
INFO: [ app_end ] --START--
INFO: Run Behavior\ShowPageTrace [ RunTime:0.000335s ]
INFO: [ app_end ] --END-- [ RunTime:0.000385s ]

[ 2015-12-17T07:59:45+08:00 ] 220.249.99.189 /weixin/index.php/Home/Index/verify_c.html
INFO: [ app_begin ] --START--
INFO: Run Behavior\ReadHtmlCache [ RunTime:0.000315s ]
INFO: [ app_begin ] --END-- [ RunTime:0.000552s ]
INFO: [ app_end ] --START--
INFO: Run Behavior\ShowPageTrace [ RunTime:0.000332s ]
INFO: [ app_end ] --END-- [ RunTime:0.000395s ]

[ 2015-12-17T08:00:05+08:00 ] 220.249.99.189 /weixin/index.php/Home/Index/index.html
INFO: [ app_begin ] --START--
INFO: Run Behavior\ReadHtmlCache [ RunTime:0.000302s ]
INFO: [ app_begin ] --END-- [ RunTime:0.000537s ]
INFO: [ view_parse ] --START--
INFO: [ template_filter ] --START--
INFO: Run Behavior\ContentReplace [ RunTime:0.000055s ]
INFO: [ template_filter ] --END-- [ RunTime:0.000112s ]
INFO: Run Behavior\ParseTemplate [ RunTime:0.005737s ]
INFO: [ view_parse ] --END-- [ RunTime:0.005795s ]
INFO: [ view_filter ] --START--
INFO: Run Behavior\WriteHtmlCache [ RunTime:0.000088s ]
INFO: [ view_filter ] --END-- [ RunTime:0.000135s ]
INFO: [ app_end ] --START--
INFO: Run Behavior\ShowPageTrace [ RunTime:0.000312s ]
INFO: [ app_end ] --END-- [ RunTime:0.000364s ]

[ 2015-12-17T08:00:12+08:00 ] 220.249.99.189 /weixin/index.php/Home/Index/index.html
INFO: [ app_begin ] --START--
INFO: Run Behavior\ReadHtmlCache [ RunTime:0.000284s ]
INFO: [ app_begin ] --END-- [ RunTime:0.000521s ]
INFO: [ view_parse ] --START--
INFO: [ template_filter ] --START--
INFO: Run Behavior\ContentReplace [ RunTime:0.000058s ]
INFO: [ template_filter ] --END-- [ RunTime:0.000131s ]
INFO: Run Behavior\ParseTemplate [ RunTime:0.005695s ]
INFO: [ view_parse ] --END-- [ RunTime:0.005758s ]
INFO: [ view_filter ] --START--
INFO: Run Behavior\WriteHtmlCache [ RunTime:0.000111s ]
INFO: [ view_filter ] --END-- [ RunTime:0.000159s ]
INFO: [ app_end ] --START--
INFO: Run Behavior\ShowPageTrace [ RunTime:0.000311s ]
INFO: [ app_end ] --END-- [ RunTime:0.000365s ]

[ 2015-12-17T08:00:17+08:00 ] 220.249.99.189 /weixin/index.php/Home/Index/index.html
INFO: [ app_begin ] --START--
INFO: Run Behavior\ReadHtmlCache [ RunTime:0.000341s ]
INFO: [ app_begin ] --END-- [ RunTime:0.000590s ]
INFO: [ view_parse ] --START--
INFO: [ template_filter ] --START--
INFO: Run Behavior\ContentReplace [ RunTime:0.000056s ]
INFO: [ template_filter ] --END-- [ RunTime:0.000115s ]
INFO: Run Behavior\ParseTemplate [ RunTime:0.005618s ]
INFO: [ view_parse ] --END-- [ RunTime:0.005675s ]
INFO: [ view_filter ] --START--
INFO: Run Behavior\WriteHtmlCache [ RunTime:0.000125s ]
INFO: [ view_filter ] --END-- [ RunTime:0.000171s ]
INFO: [ app_end ] --START--
INFO: Run Behavior\ShowPageTrace [ RunTime:0.000315s ]
INFO: [ app_end ] --END-- [ RunTime:0.000392s ]

[ 2015-12-17T08:00:19+08:00 ] 220.249.99.189 /weixin/index.php/Home/Index/index.html
INFO: [ app_begin ] --START--
INFO: Run Behavior\ReadHtmlCache [ RunTime:0.000281s ]
INFO: [ app_begin ] --END-- [ RunTime:0.000516s ]
INFO: [ view_parse ] --START--
INFO: [ template_filter ] --START--
INFO: Run Behavior\ContentReplace [ RunTime:0.000066s ]
INFO: [ template_filter ] --END-- [ RunTime:0.000158s ]
INFO: Run Behavior\ParseTemplate [ RunTime:0.006122s ]
INFO: [ view_parse ] --END-- [ RunTime:0.006179s ]
INFO: [ view_filter ] --START--
INFO: Run Behavior\WriteHtmlCache [ RunTime:0.000111s ]
INFO: [ view_filter ] --END-- [ RunTime:0.000157s ]
INFO: [ app_end ] --START--
INFO: Run Behavior\ShowPageTrace [ RunTime:0.000347s ]
INFO: [ app_end ] --END-- [ RunTime:0.000400s ]

[ 2015-12-17T08:00:23+08:00 ] 220.249.99.189 /weixin/index.php/Home/Index/index.html
INFO: [ app_begin ] --START--
INFO: Run Behavior\ReadHtmlCache [ RunTime:0.000303s ]
INFO: [ app_begin ] --END-- [ RunTime:0.000541s ]
INFO: [ view_parse ] --START--
INFO: [ template_filter ] --START--
INFO: Run Behavior\ContentReplace [ RunTime:0.000056s ]
INFO: [ template_filter ] --END-- [ RunTime:0.000115s ]
INFO: Run Behavior\ParseTemplate [ RunTime:0.005735s ]
INFO: [ view_parse ] --END-- [ RunTime:0.005804s ]
INFO: [ view_filter ] --START--
INFO: Run Behavior\WriteHtmlCache [ RunTime:0.000090s ]
INFO: [ view_filter ] --END-- [ RunTime:0.000144s ]
INFO: [ app_end ] --START--
INFO: Run Behavior\ShowPageTrace [ RunTime:0.000348s ]
INFO: [ app_end ] --END-- [ RunTime:0.000403s ]

[ 2015-12-17T08:00:26+08:00 ] 220.249.99.189 /weixin/index.php/Home/Index/index.html
INFO: [ app_begin ] --START--
INFO: Run Behavior\ReadHtmlCache [ RunTime:0.000333s ]
INFO: [ app_begin ] --END-- [ RunTime:0.000638s ]
INFO: [ view_parse ] --START--
INFO: [ template_filter ] --START--
INFO: Run Behavior\ContentReplace [ RunTime:0.000073s ]
INFO: [ template_filter ] --END-- [ RunTime:0.000166s ]
INFO: Run Behavior\ParseTemplate [ RunTime:0.006785s ]
INFO: [ view_parse ] --END-- [ RunTime:0.006847s ]
INFO: [ view_filter ] --START--
INFO: Run Behavior\WriteHtmlCache [ RunTime:0.000110s ]
INFO: [ view_filter ] --END-- [ RunTime:0.000173s ]
INFO: [ app_end ] --START--
INFO: Run Behavior\ShowPageTrace [ RunTime:0.000360s ]
INFO: [ app_end ] --END-- [ RunTime:0.000421s ]

[ 2015-12-17T08:00:33+08:00 ] 220.249.99.189 /weixin/index.php/Home/Index/index.html
INFO: [ app_begin ] --START--
INFO: Run Behavior\ReadHtmlCache [ RunTime:0.000361s ]
INFO: [ app_begin ] --END-- [ RunTime:0.000658s ]
INFO: [ view_parse ] --START--
INFO: [ template_filter ] --START--
INFO: Run Behavior\ContentReplace [ RunTime:0.000065s ]
INFO: [ template_filter ] --END-- [ RunTime:0.000130s ]
INFO: Run Behavior\ParseTemplate [ RunTime:0.006327s ]
INFO: [ view_parse ] --END-- [ RunTime:0.006392s ]
INFO: [ view_filter ] --START--
INFO: Run Behavior\WriteHtmlCache [ RunTime:0.000090s ]
INFO: [ view_filter ] --END-- [ RunTime:0.000138s ]
INFO: [ app_end ] --START--
INFO: Run Behavior\ShowPageTrace [ RunTime:0.000319s ]
INFO: [ app_end ] --END-- [ RunTime:0.000375s ]

[ 2015-12-17T11:14:44+08:00 ] 119.103.133.3 /weixin/index.php/Home/Index/index.html
INFO: [ app_begin ] --START--
INFO: Run Behavior\ReadHtmlCache [ RunTime:0.000285s ]
INFO: [ app_begin ] --END-- [ RunTime:0.000543s ]
INFO: [ view_parse ] --START--
INFO: [ template_filter ] --START--
INFO: Run Behavior\ContentReplace [ RunTime:0.000066s ]
INFO: [ template_filter ] --END-- [ RunTime:0.000139s ]
INFO: Run Behavior\ParseTemplate [ RunTime:0.005786s ]
INFO: [ view_parse ] --END-- [ RunTime:0.005842s ]
INFO: [ view_filter ] --START--
INFO: Run Behavior\WriteHtmlCache [ RunTime:0.000088s ]
INFO: [ view_filter ] --END-- [ RunTime:0.000202s ]
INFO: [ app_end ] --START--
INFO: Run Behavior\ShowPageTrace [ RunTime:0.000322s ]
INFO: [ app_end ] --END-- [ RunTime:0.000374s ]

[ 2015-12-17T11:56:49+08:00 ] 223.104.20.123 /weixin/index.php/Home/Index/index.html
INFO: [ app_begin ] --START--
INFO: Run Behavior\ReadHtmlCache [ RunTime:0.000330s ]
INFO: [ app_begin ] --END-- [ RunTime:0.000574s ]
INFO: [ view_parse ] --START--
INFO: [ template_filter ] --START--
INFO: Run Behavior\ContentReplace [ RunTime:0.000063s ]
INFO: [ template_filter ] --END-- [ RunTime:0.000126s ]
INFO: Run Behavior\ParseTemplate [ RunTime:0.005952s ]
INFO: [ view_parse ] --END-- [ RunTime:0.006009s ]
INFO: [ view_filter ] --START--
INFO: Run Behavior\WriteHtmlCache [ RunTime:0.000089s ]
INFO: [ view_filter ] --END-- [ RunTime:0.000134s ]
INFO: [ app_end ] --START--
INFO: Run Behavior\ShowPageTrace [ RunTime:0.000349s ]
INFO: [ app_end ] --END-- [ RunTime:0.000406s ]

[ 2015-12-17T11:57:08+08:00 ] 183.60.35.94 /weixin/index.php/Home/Index/register
INFO: [ app_begin ] --START--
INFO: Run Behavior\ReadHtmlCache [ RunTime:0.000287s ]
INFO: [ app_begin ] --END-- [ RunTime:0.000524s ]
INFO: [ view_parse ] --START--
INFO: [ template_filter ] --START--
INFO: Run Behavior\ContentReplace [ RunTime:0.000044s ]
INFO: [ template_filter ] --END-- [ RunTime:0.000098s ]
INFO: Run Behavior\ParseTemplate [ RunTime:0.005004s ]
INFO: [ view_parse ] --END-- [ RunTime:0.005058s ]
INFO: [ view_filter ] --START--
INFO: Run Behavior\WriteHtmlCache [ RunTime:0.000089s ]
INFO: [ view_filter ] --END-- [ RunTime:0.000136s ]
INFO: [ app_end ] --START--
INFO: Run Behavior\ShowPageTrace [ RunTime:0.000290s ]
INFO: [ app_end ] --END-- [ RunTime:0.000339s ]

[ 2015-12-17T11:57:08+08:00 ] 223.104.20.123 /weixin/index.php/Home/Index/register
INFO: [ app_begin ] --START--
INFO: Run Behavior\ReadHtmlCache [ RunTime:0.000312s ]
INFO: [ app_begin ] --END-- [ RunTime:0.000605s ]
INFO: [ view_parse ] --START--
INFO: [ template_filter ] --START--
INFO: Run Behavior\ContentReplace [ RunTime:0.000047s ]
INFO: [ template_filter ] --END-- [ RunTime:0.000112s ]
INFO: Run Behavior\ParseTemplate [ RunTime:0.005757s ]
INFO: [ view_parse ] --END-- [ RunTime:0.005818s ]
INFO: [ view_filter ] --START--
INFO: Run Behavior\WriteHtmlCache [ RunTime:0.000107s ]
INFO: [ view_filter ] --END-- [ RunTime:0.000158s ]
INFO: [ app_end ] --START--
INFO: Run Behavior\ShowPageTrace [ RunTime:0.000359s ]
INFO: [ app_end ] --END-- [ RunTime:0.000416s ]

[ 2015-12-17T11:57:09+08:00 ] 183.60.35.94 /weixin/index.php/Home/Index/register/index.html
INFO: [ app_begin ] --START--
INFO: Run Behavior\ReadHtmlCache [ RunTime:0.000286s ]
INFO: [ app_begin ] --END-- [ RunTime:0.000526s ]
INFO: [ view_parse ] --START--
INFO: [ template_filter ] --START--
INFO: Run Behavior\ContentReplace [ RunTime:0.000043s ]
INFO: [ template_filter ] --END-- [ RunTime:0.000098s ]
INFO: Run Behavior\ParseTemplate [ RunTime:0.005013s ]
INFO: [ view_parse ] --END-- [ RunTime:0.005069s ]
INFO: [ view_filter ] --START--
INFO: Run Behavior\WriteHtmlCache [ RunTime:0.000115s ]
INFO: [ view_filter ] --END-- [ RunTime:0.000162s ]
INFO: [ app_end ] --START--
INFO: Run Behavior\ShowPageTrace [ RunTime:0.000302s ]
INFO: [ app_end ] --END-- [ RunTime:0.000352s ]

[ 2015-12-17T11:57:09+08:00 ] 223.104.20.123 /weixin/index.php/Home/Index/verify_c.html
INFO: [ app_begin ] --START--
INFO: Run Behavior\ReadHtmlCache [ RunTime:0.000326s ]
INFO: [ app_begin ] --END-- [ RunTime:0.000625s ]
INFO: [ app_end ] --START--
INFO: Run Behavior\ShowPageTrace [ RunTime:0.000342s ]
INFO: [ app_end ] --END-- [ RunTime:0.000406s ]

[ 2015-12-17T21:46:48+08:00 ] 220.249.99.138 /weixin/
INFO: [ app_begin ] --START--
INFO: Run Behavior\ReadHtmlCache [ RunTime:0.000280s ]
INFO: [ app_begin ] --END-- [ RunTime:0.000515s ]
INFO: [ view_parse ] --START--
INFO: [ template_filter ] --START--
INFO: Run Behavior\ContentReplace [ RunTime:0.000056s ]
INFO: [ template_filter ] --END-- [ RunTime:0.000120s ]
INFO: Run Behavior\ParseTemplate [ RunTime:0.005685s ]
INFO: [ view_parse ] --END-- [ RunTime:0.005748s ]
INFO: [ view_filter ] --START--
INFO: Run Behavior\WriteHtmlCache [ RunTime:0.000108s ]
INFO: [ view_filter ] --END-- [ RunTime:0.000154s ]
INFO: [ app_end ] --START--
INFO: Run Behavior\ShowPageTrace [ RunTime:0.000314s ]
INFO: [ app_end ] --END-- [ RunTime:0.000366s ]

[ 2015-12-17T21:47:18+08:00 ] 220.249.99.138 /weixin/index.php/Home/Index/login
INFO: [ app_begin ] --START--
INFO: Run Behavior\ReadHtmlCache [ RunTime:0.000342s ]
INFO: [ app_begin ] --END-- [ RunTime:0.000579s ]
INFO: [ view_parse ] --START--
INFO: [ template_filter ] --START--
INFO: Run Behavior\ContentReplace [ RunTime:0.000046s ]
INFO: [ template_filter ] --END-- [ RunTime:0.000108s ]
INFO: Run Behavior\ParseTemplate [ RunTime:0.004900s ]
INFO: [ view_parse ] --END-- [ RunTime:0.004953s ]
INFO: [ view_filter ] --START--
INFO: Run Behavior\WriteHtmlCache [ RunTime:0.000090s ]
INFO: [ view_filter ] --END-- [ RunTime:0.000136s ]
INFO: [ app_end ] --START--
INFO: Run Behavior\ShowPageTrace [ RunTime:0.000300s ]
INFO: [ app_end ] --END-- [ RunTime:0.000355s ]

[ 2015-12-17T21:47:18+08:00 ] 220.249.99.138 /weixin/index.php/Home/Index/verify_c.html
INFO: [ app_begin ] --START--
INFO: Run Behavior\ReadHtmlCache [ RunTime:0.000309s ]
INFO: [ app_begin ] --END-- [ RunTime:0.000547s ]
INFO: [ app_end ] --START--
INFO: Run Behavior\ShowPageTrace [ RunTime:0.000310s ]
INFO: [ app_end ] --END-- [ RunTime:0.000374s ]

[ 2015-12-17T21:47:49+08:00 ] 220.249.99.138 /weixin/index.php/Home/Index/register
INFO: [ app_begin ] --START--
INFO: Run Behavior\ReadHtmlCache [ RunTime:0.000290s ]
INFO: [ app_begin ] --END-- [ RunTime:0.000562s ]
INFO: [ view_parse ] --START--
INFO: [ template_filter ] --START--
INFO: Run Behavior\ContentReplace [ RunTime:0.000043s ]
INFO: [ template_filter ] --END-- [ RunTime:0.000099s ]
INFO: Run Behavior\ParseTemplate [ RunTime:0.004930s ]
INFO: [ view_parse ] --END-- [ RunTime:0.004984s ]
INFO: [ view_filter ] --START--
INFO: Run Behavior\WriteHtmlCache [ RunTime:0.000112s ]
INFO: [ view_filter ] --END-- [ RunTime:0.000158s ]
INFO: [ app_end ] --START--
INFO: Run Behavior\ShowPageTrace [ RunTime:0.000301s ]
INFO: [ app_end ] --END-- [ RunTime:0.000351s ]

[ 2015-12-17T21:47:49+08:00 ] 220.249.99.138 /weixin/index.php/Home/Index/verify_c.html
INFO: [ app_begin ] --START--
INFO: Run Behavior\ReadHtmlCache [ RunTime:0.000283s ]
INFO: [ app_begin ] --END-- [ RunTime:0.000538s ]
INFO: [ app_end ] --START--
INFO: Run Behavior\ShowPageTrace [ RunTime:0.000310s ]
INFO: [ app_end ] --END-- [ RunTime:0.000374s ]

[ 2015-12-17T22:07:33+08:00 ] 220.249.99.138 /weixin/index.php/Home/Index/login
INFO: [ app_begin ] --START--
INFO: Run Behavior\ReadHtmlCache [ RunTime:0.000288s ]
INFO: [ app_begin ] --END-- [ RunTime:0.000526s ]
INFO: [ view_parse ] --START--
INFO: [ template_filter ] --START--
INFO: Run Behavior\ContentReplace [ RunTime:0.000042s ]
INFO: [ template_filter ] --END-- [ RunTime:0.000097s ]
INFO: Run Behavior\ParseTemplate [ RunTime:0.004779s ]
INFO: [ view_parse ] --END-- [ RunTime:0.004834s ]
INFO: [ view_filter ] --START--
INFO: Run Behavior\WriteHtmlCache [ RunTime:0.000090s ]
INFO: [ view_filter ] --END-- [ RunTime:0.000137s ]
INFO: [ app_end ] --START--
INFO: Run Behavior\ShowPageTrace [ RunTime:0.000295s ]
INFO: [ app_end ] --END-- [ RunTime:0.000343s ]

[ 2015-12-17T22:07:33+08:00 ] 220.249.99.138 /weixin/index.php/Home/Index/verify_c.html
INFO: [ app_begin ] --START--
INFO: Run Behavior\ReadHtmlCache [ RunTime:0.000308s ]
INFO: [ app_begin ] --END-- [ RunTime:0.000537s ]
INFO: [ app_end ] --START--
INFO: Run Behavior\ShowPageTrace [ RunTime:0.000311s ]
INFO: [ app_end ] --END-- [ RunTime:0.000374s ]

[ 2015-12-17T22:08:11+08:00 ] 220.249.99.138 /weixin/index.php/Home/Index/dologin
INFO: [ app_begin ] --START--
INFO: Run Behavior\ReadHtmlCache [ RunTime:0.000295s ]
INFO: [ app_begin ] --END-- [ RunTime:0.000554s ]
NOTIC: [2] mysql_connect(): Access denied for user 'root'@'localhost' (using password: NO) /var/www/html/weixin/ThinkPHP/Library/Think/Db/Driver/Mysql.class.php 第 52 行.
ERR: Access denied for user 'root'@'localhost' (using password: NO)

[ 2015-12-17T22:08:11+08:00 ] 220.249.99.138 /weixin/index.php/Home/Index/dologin
INFO: [ app_begin ] --START--
INFO: Run Behavior\ReadHtmlCache [ RunTime:0.000300s ]
INFO: [ app_begin ] --END-- [ RunTime:0.000522s ]

[ 2015-12-17T22:08:14+08:00 ] 220.249.99.138 /weixin/index.php/Home/Index/verify_c.html?
INFO: [ app_begin ] --START--
INFO: Run Behavior\ReadHtmlCache [ RunTime:0.000284s ]
INFO: [ app_begin ] --END-- [ RunTime:0.000526s ]
INFO: [ app_end ] --START--
INFO: Run Behavior\ShowPageTrace [ RunTime:0.000465s ]
INFO: [ app_end ] --END-- [ RunTime:0.000575s ]

[ 2015-12-17T22:08:20+08:00 ] 220.249.99.138 /weixin/index.php/Home/Index/dologin
INFO: [ app_begin ] --START--
INFO: Run Behavior\ReadHtmlCache [ RunTime:0.000394s ]
INFO: [ app_begin ] --END-- [ RunTime:0.000655s ]
NOTIC: [2] mysql_connect(): Access denied for user 'root'@'localhost' (using password: NO) /var/www/html/weixin/ThinkPHP/Library/Think/Db/Driver/Mysql.class.php 第 52 行.
ERR: Access denied for user 'root'@'localhost' (using password: NO)

[ 2015-12-17T22:08:20+08:00 ] 220.249.99.138 /weixin/index.php/Home/Index/dologin
INFO: [ app_begin ] --START--
INFO: Run Behavior\ReadHtmlCache [ RunTime:0.000294s ]
INFO: [ app_begin ] --END-- [ RunTime:0.000572s ]

[ 2015-12-17T22:08:23+08:00 ] 220.249.99.138 /weixin/index.php/Home/Index/verify_c.html??
INFO: [ app_begin ] --START--
INFO: Run Behavior\ReadHtmlCache [ RunTime:0.000300s ]
INFO: [ app_begin ] --END-- [ RunTime:0.000545s ]
INFO: [ app_end ] --START--
INFO: Run Behavior\ShowPageTrace [ RunTime:0.000311s ]
INFO: [ app_end ] --END-- [ RunTime:0.000373s ]

[ 2015-12-17T22:08:30+08:00 ] 220.249.99.138 /weixin/index.php/Home/Index/dologin
INFO: [ app_begin ] --START--
INFO: Run Behavior\ReadHtmlCache [ RunTime:0.000304s ]
INFO: [ app_begin ] --END-- [ RunTime:0.000538s ]
NOTIC: [2] mysql_connect(): Access denied for user 'root'@'localhost' (using password: NO) /var/www/html/weixin/ThinkPHP/Library/Think/Db/Driver/Mysql.class.php 第 52 行.
ERR: Access denied for user 'root'@'localhost' (using password: NO)

[ 2015-12-17T22:08:37+08:00 ] 220.249.99.138 /weixin/index.php/Home/Index/dologin
INFO: [ app_begin ] --START--
INFO: Run Behavior\ReadHtmlCache [ RunTime:0.000277s ]
INFO: [ app_begin ] --END-- [ RunTime:0.000514s ]

[ 2015-12-17T22:08:39+08:00 ] 220.249.99.138 /weixin/index.php/Home/Index/verify_c.html???
INFO: [ app_begin ] --START--
INFO: Run Behavior\ReadHtmlCache [ RunTime:0.000309s ]
INFO: [ app_begin ] --END-- [ RunTime:0.000546s ]
INFO: [ app_end ] --START--
INFO: Run Behavior\ShowPageTrace [ RunTime:0.000299s ]
INFO: [ app_end ] --END-- [ RunTime:0.000361s ]

[ 2015-12-17T22:08:52+08:00 ] 220.249.99.138 /weixin/index.php/Home/Index/dologin
INFO: [ app_begin ] --START--
INFO: Run Behavior\ReadHtmlCache [ RunTime:0.000283s ]
INFO: [ app_begin ] --END-- [ RunTime:0.000536s ]
NOTIC: [2] mysql_connect(): Access denied for user 'root'@'localhost' (using password: NO) /var/www/html/weixin/ThinkPHP/Library/Think/Db/Driver/Mysql.class.php 第 52 行.
ERR: Access denied for user 'root'@'localhost' (using password: NO)

[ 2015-12-17T22:08:52+08:00 ] 220.249.99.138 /weixin/index.php/Home/Index/dologin
INFO: [ app_begin ] --START--
INFO: Run Behavior\ReadHtmlCache [ RunTime:0.000360s ]
INFO: [ app_begin ] --END-- [ RunTime:0.000622s ]

[ 2015-12-17T22:27:12+08:00 ] 220.249.99.138 /weixin/
INFO: [ app_begin ] --START--
INFO: Run Behavior\ReadHtmlCache [ RunTime:0.000307s ]
INFO: [ app_begin ] --END-- [ RunTime:0.000540s ]
INFO: [ view_parse ] --START--
INFO: [ template_filter ] --START--
INFO: Run Behavior\ContentReplace [ RunTime:0.000067s ]
INFO: [ template_filter ] --END-- [ RunTime:0.000126s ]
INFO: Run Behavior\ParseTemplate [ RunTime:0.005662s ]
INFO: [ view_parse ] --END-- [ RunTime:0.005719s ]
INFO: [ view_filter ] --START--
INFO: Run Behavior\WriteHtmlCache [ RunTime:0.000090s ]
INFO: [ view_filter ] --END-- [ RunTime:0.000157s ]
INFO: [ app_end ] --START--
INFO: Run Behavior\ShowPageTrace [ RunTime:0.000314s ]
INFO: [ app_end ] --END-- [ RunTime:0.000366s ]

[ 2015-12-17T22:27:15+08:00 ] 220.249.99.138 /weixin/index.php/Home/Index/register
INFO: [ app_begin ] --START--
INFO: Run Behavior\ReadHtmlCache [ RunTime:0.000283s ]
INFO: [ app_begin ] --END-- [ RunTime:0.000524s ]
INFO: [ view_parse ] --START--
INFO: [ template_filter ] --START--
INFO: Run Behavior\ContentReplace [ RunTime:0.000063s ]
INFO: [ template_filter ] --END-- [ RunTime:0.000121s ]
INFO: Run Behavior\ParseTemplate [ RunTime:0.005166s ]
INFO: [ view_parse ] --END-- [ RunTime:0.005221s ]
INFO: [ view_filter ] --START--
INFO: Run Behavior\WriteHtmlCache [ RunTime:0.000091s ]
INFO: [ view_filter ] --END-- [ RunTime:0.000138s ]
INFO: [ app_end ] --START--
INFO: Run Behavior\ShowPageTrace [ RunTime:0.000329s ]
INFO: [ app_end ] --END-- [ RunTime:0.000380s ]

[ 2015-12-17T22:27:15+08:00 ] 220.249.99.138 /weixin/index.php/Home/Index/verify_c.html
INFO: [ app_begin ] --START--
INFO: Run Behavior\ReadHtmlCache [ RunTime:0.000325s ]
INFO: [ app_begin ] --END-- [ RunTime:0.000566s ]
INFO: [ app_end ] --START--
INFO: Run Behavior\ShowPageTrace [ RunTime:0.000408s ]
INFO: [ app_end ] --END-- [ RunTime:0.000505s ]

